File               DER    JER    B3-Precision    B3-Recall    B3-F1    GKT(ref, sys)    GKT(sys, ref)    H(ref|sys)    H(sys|ref)    MI    NMI
---------------  -----  -----  --------------  -----------  -------  ---------------  ---------------  ------------  ------------  ----  -----
DH_0084           5.57  11.33            0.93         0.94     0.94             0.90             0.89          0.21          0.17  1.32   0.87
DH_0085          21.79  35.57            0.84         0.79     0.81             0.67             0.75          0.44          0.53  1.17   0.71
DH_0086           5.16   9.99            0.94         0.96     0.95             0.93             0.90          0.22          0.14  1.35   0.88
DH_0087          12.84  23.13            0.87         0.87     0.87             0.80             0.80          0.34          0.32  1.23   0.79
DH_0088           2.49   4.06            0.97         0.99     0.98             0.98             0.96          0.10          0.05  1.42   0.95
DH_0089           4.80   8.83            0.93         0.96     0.95             0.93             0.89          0.23          0.12  1.33   0.88
DH_0090          10.64  19.37            0.86         0.89     0.87             0.82             0.79          0.40          0.30  1.22   0.78
DH_0091           4.74   9.62            0.93         0.96     0.95             0.93             0.88          0.24          0.12  1.26   0.88
DH_0092           6.33  13.33            0.91         0.94     0.93             0.90             0.86          0.28          0.16  1.26   0.85
DH_0093          16.13  25.99            0.82         0.85     0.83             0.77             0.73          0.49          0.36  1.21   0.74
DH_0094           5.49  11.43            0.94         0.95     0.95             0.92             0.90          0.20          0.14  1.30   0.88
DH_0095           6.25  18.45            0.93         0.95     0.94             0.90             0.87          0.23          0.16  1.18   0.86
DH_0096           9.76  20.15            0.91         0.91     0.91             0.85             0.85          0.29          0.25  1.26   0.82
DH_0097           3.38   6.48            0.95         0.98     0.96             0.96             0.92          0.18          0.08  1.31   0.91
DH_0098           7.79  12.50            0.90         0.93     0.92             0.90             0.85          0.30          0.19  1.35   0.85
DH_0099           7.68  13.83            0.89         0.93     0.91             0.89             0.83          0.34          0.21  1.29   0.82
DH_0100           9.82  15.55            0.87         0.91     0.89             0.86             0.80          0.41          0.24  1.30   0.80
DH_0101           9.08  13.70            0.88         0.92     0.90             0.88             0.83          0.35          0.22  1.36   0.82
DH_0102           9.54  13.66            0.85         0.91     0.88             0.86             0.77          0.46          0.25  1.24   0.78
DH_0103           6.76  14.38            0.92         0.93     0.93             0.89             0.87          0.25          0.19  1.27   0.85
DH_0104          19.39  22.08            0.93         0.81     0.87             0.72             0.88          0.20          0.49  1.26   0.79
DH_0105           6.93  12.43            0.91         0.93     0.92             0.89             0.85          0.29          0.19  1.29   0.84
DH_0106           7.47  13.84            0.90         0.94     0.92             0.90             0.84          0.31          0.17  1.27   0.84
*** OVERALL ***   8.58  15.20            0.91         0.92     0.91             0.92             0.90          0.29          0.21  5.76   0.96
