File               DER    JER    B3-Precision    B3-Recall    B3-F1    GKT(ref, sys)    GKT(sys, ref)    H(ref|sys)    H(sys|ref)    MI    NMI
---------------  -----  -----  --------------  -----------  -------  ---------------  ---------------  ------------  ------------  ----  -----
DH_0013          12.11  55.34            0.86         1.00     0.92             1.00             0.74          0.40          0.00  0.93   0.84
DH_0014          33.26  46.77            0.74         0.78     0.76             0.66             0.60          0.63          0.46  1.06   0.66
DH_0015          48.00  85.00            0.58         1.00     0.73             1.00             0.42          1.35          0.00  0.97   0.65
DH_0016          33.66  75.83            0.71         0.85     0.77             0.77             0.59          0.93          0.34  1.20   0.66
DH_0017          47.32  69.01            0.82         0.70     0.75             0.54             0.69          0.49          0.61  0.96   0.64
DH_0018          59.90  88.03            0.59         0.71     0.64             0.54             0.42          1.46          0.61  0.93   0.48
DH_0019          26.49  60.88            0.74         1.00     0.85             1.00             0.59          0.64          0.00  0.97   0.78
DH_0020          21.60  60.76            0.89         1.00     0.94             1.00             0.76          0.26          0.00  0.92   0.88
DH_0021          20.95  54.82            0.84         0.90     0.87             0.82             0.73          0.46          0.26  1.14   0.76
DH_0022          19.44  59.08            0.91         1.00     0.95             1.00             0.79          0.22          0.00  0.85   0.89
DH_0023          48.40  81.28            0.83         1.00     0.91             1.00             0.61          0.46          0.00  0.82   0.80
DH_0024          29.62  55.64            0.70         0.86     0.77             0.78             0.58          0.89          0.34  1.19   0.67
DH_0025          33.30  75.44            0.69         1.00     0.81             1.00             0.53          0.85          0.00  0.98   0.73
DH_0026          52.99  90.01            0.78         1.00     0.88             1.00             0.58          0.61          0.00  0.93   0.78
DH_0027          16.84  28.50            0.84         0.89     0.86             0.82             0.75          0.43          0.27  1.17   0.77
DH_0028          54.08  75.84            0.33         0.61     0.43             0.45             0.24          2.44          0.97  0.95   0.37
DH_0029          48.61  55.93            0.56         0.55     0.56             0.38             0.39          1.04          1.05  0.86   0.45
DH_0030          28.35  36.61            0.61         0.80     0.69             0.66             0.47          0.94          0.45  1.00   0.60
DH_0031          16.58  28.77            0.82         0.86     0.84             0.78             0.72          0.50          0.33  1.16   0.74
DH_0032          37.84  62.74            0.53         0.72     0.61             0.52             0.32          1.41          0.62  0.74   0.43
DH_0033          30.40  55.60            0.65         0.83     0.73             0.74             0.53          1.06          0.41  1.18   0.63
DH_0034          49.41  78.97            0.71         0.75     0.73             0.60             0.55          0.84          0.53  0.98   0.59
DH_0035          25.01  58.11            0.85         0.91     0.88             0.84             0.75          0.45          0.23  1.16   0.78
*** OVERALL ***  36.10  67.05            0.72         0.86     0.78             0.85             0.72          0.81          0.32  5.53   0.91
