File               DER    JER    B3-Precision    B3-Recall    B3-F1    GKT(ref, sys)    GKT(sys, ref)    H(ref|sys)    H(sys|ref)    MI    NMI
---------------  -----  -----  --------------  -----------  -------  ---------------  ---------------  ------------  ------------  ----  -----
DH_0048          13.38  46.40            0.88         0.94     0.91             0.90             0.81          0.37          0.16  1.27   0.83
DH_0049          15.51  27.58            0.84         0.84     0.84             0.75             0.74          0.42          0.39  1.16   0.74
DH_0050          20.36  28.41            0.80         0.82     0.81             0.73             0.71          0.53          0.47  1.22   0.71
DH_0051           8.94  11.09            0.94         0.94     0.94             0.90             0.91          0.18          0.20  1.41   0.88
DH_0052          22.22  33.24            0.80         0.84     0.82             0.75             0.70          0.50          0.37  1.18   0.73
DH_0053          19.91  26.68            0.87         0.80     0.84             0.72             0.80          0.36          0.53  1.27   0.74
DH_0054          52.81  53.44            0.80         0.63     0.71             0.50             0.70          0.54          0.92  1.16   0.62
DH_0055          21.32  26.29            0.90         0.82     0.86             0.73             0.84          0.26          0.47  1.28   0.78
DH_0056          22.67  25.82            0.90         0.80     0.85             0.71             0.85          0.26          0.50  1.35   0.78
DH_0057           6.05  10.38            0.94         0.95     0.94             0.92             0.90          0.21          0.16  1.36   0.88
DH_0058          21.88  25.78            0.90         0.81     0.85             0.72             0.85          0.28          0.48  1.35   0.78
DH_0059          16.17  26.40            0.86         0.86     0.86             0.79             0.79          0.40          0.37  1.23   0.76
DH_0060          21.96  52.32            0.79         0.79     0.79             0.68             0.69          0.58          0.58  1.16   0.67
DH_0061          29.07  35.42            0.83         0.76     0.80             0.65             0.74          0.44          0.60  1.20   0.70
DH_0062          11.63  22.31            0.88         0.90     0.89             0.84             0.82          0.32          0.24  1.24   0.82
DH_0063          14.86  24.89            0.82         0.86     0.84             0.79             0.74          0.48          0.32  1.22   0.75
DH_0064          15.28  22.03            0.82         0.88     0.85             0.82             0.73          0.51          0.28  1.28   0.76
DH_0065          17.73  27.40            0.74         0.86     0.80             0.76             0.62          0.69          0.36  1.08   0.68
DH_0066           7.79  40.82            0.92         0.95     0.93             0.92             0.87          0.28          0.15  1.37   0.86
DH_0067          15.83  23.73            0.80         0.86     0.83             0.79             0.71          0.55          0.32  1.23   0.74
DH_0068          11.42  18.54            0.87         0.90     0.89             0.84             0.81          0.37          0.26  1.30   0.80
DH_0069          17.61  28.35            0.85         0.87     0.86             0.78             0.76          0.39          0.32  1.17   0.77
DH_0070           4.20   8.20            0.95         0.96     0.95             0.94             0.92          0.18          0.12  1.39   0.90
DH_0071           9.89  18.10            0.89         0.90     0.90             0.85             0.83          0.32          0.26  1.27   0.81
*** OVERALL ***  17.80  28.76            0.86         0.86     0.86             0.85             0.86          0.39          0.37  5.84   0.94
