File               DER    JER    B3-Precision    B3-Recall    B3-F1    GKT(ref, sys)    GKT(sys, ref)    H(ref|sys)    H(sys|ref)    MI    NMI
---------------  -----  -----  --------------  -----------  -------  ---------------  ---------------  ------------  ------------  ----  -----
DH_0149          63.02  90.39            0.72         1.00     0.84             1.00             0.51          0.81          0.00  0.96   0.74
DH_0150          52.69  74.59            0.66         0.98     0.79             0.97             0.52          0.85          0.05  1.19   0.75
DH_0151          53.41  90.51            0.49         1.00     0.66             1.00             0.35          1.79          0.00  0.92   0.58
DH_0152          21.78  52.58            0.75         0.88     0.81             0.81             0.65          0.64          0.28  1.22   0.73
DH_0153          66.48  91.11            0.23         1.00     0.38             1.00             0.12          2.86          0.00  0.47   0.37
DH_0154          67.14  84.81            0.24         0.85     0.38             0.71             0.17          3.50          0.37  0.87   0.38
DH_0155          12.55  70.47            0.84         1.00     0.91             1.00             0.69          0.45          0.00  0.85   0.81
DH_0156          70.22  89.64            0.29         1.00     0.45             1.00             0.20          2.83          0.00  0.73   0.45
DH_0157           0.00   0.00            1.00         1.00     1.00             1.00             1.00          0.00          0.00  1.00   1.00
DH_0158          45.20  84.34            0.58         1.00     0.74             1.00             0.43          1.30          0.00  0.93   0.65
DH_0159          46.08  87.25            0.65         0.92     0.76             0.88             0.53          1.50          0.20  1.35   0.64
DH_0160          25.67  56.38            0.64         1.00     0.78             1.00             0.43          0.91          0.00  0.77   0.68
DH_0161          16.55  82.20            0.75         1.00     0.86             1.00             0.50          0.85          0.00  0.68   0.67
DH_0162          71.31  83.73            0.12         1.00     0.22             1.00             0.01          3.46          0.00  0.09   0.16
DH_0163          39.47  77.92            0.75         1.00     0.86             1.00             0.59          0.62          0.00  0.99   0.78
DH_0164          63.44  91.64            0.50         1.00     0.67             1.00             0.36          1.68          0.00  0.96   0.60
DH_0165          53.96  78.24            0.44         1.00     0.61             1.00             0.29          1.66          0.00  0.80   0.57
DH_0166          59.93  87.08            0.39         1.00     0.56             1.00             0.26          2.16          0.00  0.79   0.52
DH_0167          53.47  91.21            0.23         1.00     0.37             1.00             0.08          2.84          0.00  0.32   0.32
DH_0168          32.21  67.49            0.68         0.90     0.77             0.84             0.57          1.03          0.24  1.30   0.69
DH_0169           0.00   0.00            1.00         1.00     1.00             1.00             1.00          0.00          0.00  1.00   1.00
DH_0170          78.48  89.81            0.11         0.72     0.19             0.42             0.07          4.38          0.62  0.53   0.22
DH_0171          65.57  90.83            0.21         1.00     0.34             1.00             0.11          3.15          0.00  0.44   0.35
DH_0172          54.85  87.40            0.29         1.00     0.45             1.00             0.15          2.49          0.00  0.51   0.41
DH_0173          49.72  77.57            0.44         1.00     0.61             1.00             0.25          1.38          0.00  0.66   0.57
DH_0174           6.26  76.06            0.91         1.00     0.95             1.00             0.73          0.38          0.00  0.61   0.78
DH_0175           0.00   0.00            1.00         1.00     1.00             1.00             1.00          0.00          0.00  0.98   1.00
DH_0176           0.00   0.00            1.00         1.00     1.00             1.00             1.00          0.00          0.00  0.72   1.00
DH_0177          15.61  19.58            0.75         0.87     0.80             0.78             0.62          0.68          0.34  1.08   0.68
DH_0178          25.37  36.94            0.67         0.75     0.71             0.60             0.50          0.84          0.56  0.91   0.57
DH_0179          24.38  24.38            1.00         0.67     0.80             0.34             1.00          0.00          0.71  0.51   0.65
DH_0180           2.59  51.29            0.96         1.00     0.98             1.00             0.89          0.14          0.00  0.76   0.92
*** OVERALL ***  39.57  77.74            0.66         0.92     0.77             0.92             0.65          1.21          0.18  5.54   0.89
