File               DER    JER    B3-Precision    B3-Recall    B3-F1    GKT(ref, sys)    GKT(sys, ref)    H(ref|sys)    H(sys|ref)    MI    NMI
---------------  -----  -----  --------------  -----------  -------  ---------------  ---------------  ------------  ------------  ----  -----
DH_0001           0.00   0.00            1.00         1.00     1.00             1.00             1.00          0.00          0.00  0.63   1.00
DH_0002          15.05  15.06            1.00         0.79     0.88             0.57             1.00          0.00          0.49  0.71   0.77
DH_0003           0.00   0.00            1.00         1.00     1.00             1.00             1.00          0.00          0.00  0.63   1.00
DH_0004           0.00   0.00            1.00         1.00     1.00             1.00             1.00          0.00          0.00  0.47   1.00
DH_0005           0.00   0.00            1.00         1.00     1.00             1.00             1.00          0.00          0.00  0.58   1.00
DH_0006           0.02   0.02            1.00         1.00     1.00             1.00             1.00          0.00          0.00  0.88   1.00
DH_0007           0.00   0.00            1.00         1.00     1.00             1.00             1.00          0.00          0.00  0.58   1.00
DH_0008           0.00   0.00            1.00         1.00     1.00             1.00             1.00          0.00          0.00  0.71   1.00
DH_0009           4.33   4.33            1.00         0.95     0.97             0.90             1.00          0.00          0.16  0.96   0.93
DH_0010           0.00   0.00            1.00         1.00     1.00             1.00             1.00          0.00          0.00  0.73   1.00
DH_0011           0.00   0.00            1.00         1.00     1.00             1.00             1.00          0.00          0.00  0.82   1.00
DH_0012          18.80  18.79            1.00         0.77     0.87             0.59             1.00          0.00          0.52  0.83   0.78
DH_0013           7.41  26.76            0.92         0.93     0.92             0.87             0.85          0.24          0.20  1.08   0.83
DH_0014          42.32  68.54            0.70         1.00     0.82             1.00             0.55          0.70          0.01  0.99   0.76
DH_0015          48.00  85.00            0.58         1.00     0.73             1.00             0.42          1.35          0.00  0.97   0.65
DH_0016          27.28  71.44            0.74         0.91     0.82             0.86             0.63          0.83          0.23  1.30   0.72
DH_0017          16.76  57.01            0.82         1.00     0.90             1.00             0.68          0.49          0.00  0.95   0.81
DH_0018          36.53  85.41            0.58         1.00     0.73             1.00             0.41          1.50          0.00  0.88   0.61
DH_0019          26.49  60.88            0.74         1.00     0.85             1.00             0.59          0.64          0.00  0.97   0.78
DH_0020          21.60  60.76            0.89         1.00     0.94             1.00             0.76          0.26          0.00  0.92   0.88
DH_0021          28.59  62.32            0.82         0.84     0.83             0.74             0.70          0.51          0.35  1.09   0.72
DH_0022          19.44  59.08            0.91         1.00     0.95             1.00             0.79          0.22          0.00  0.85   0.89
DH_0023          48.40  81.28            0.83         1.00     0.91             1.00             0.61          0.46          0.00  0.82   0.80
DH_0024          32.24  59.14            0.68         0.82     0.74             0.72             0.55          0.95          0.41  1.12   0.63
DH_0025          48.23  79.09            0.69         0.79     0.74             0.66             0.54          0.83          0.45  1.00   0.61
DH_0026          37.74  79.98            0.82         0.92     0.86             0.83             0.65          0.51          0.17  1.02   0.76
DH_0027          17.78  30.84            0.83         0.90     0.86             0.83             0.74          0.44          0.24  1.16   0.78
DH_0028          61.27  84.32            0.30         0.80     0.43             0.60             0.20          2.59          0.47  0.80   0.39
DH_0029          30.92  40.10            0.57         0.74     0.64             0.57             0.39          1.04          0.59  0.86   0.52
DH_0030          25.67  30.93            0.65         0.82     0.72             0.70             0.51          0.86          0.42  1.08   0.63
DH_0031          15.95  25.98            0.83         0.87     0.85             0.79             0.74          0.45          0.33  1.20   0.75
DH_0032          37.23  61.99            0.54         0.76     0.63             0.58             0.34          1.33          0.55  0.83   0.48
DH_0033          34.06  59.31            0.63         0.81     0.71             0.71             0.51          1.09          0.42  1.14   0.61
DH_0034          43.05  77.76            0.71         0.81     0.75             0.67             0.55          0.85          0.43  0.97   0.61
DH_0035          24.38  72.23            0.81         1.00     0.90             1.00             0.68          0.61          0.00  0.99   0.79
DH_0036          43.25  77.35            0.50         0.80     0.61             0.72             0.41          1.99          0.52  1.40   0.55
DH_0037          39.49  79.30            0.52         0.77     0.62             0.67             0.40          1.85          0.59  1.26   0.52
DH_0038          46.81  84.76            0.50         0.86     0.63             0.77             0.40          1.96          0.35  1.18   0.54
DH_0039          65.47  89.28            0.19         0.78     0.31             0.58             0.12          3.70          0.50  0.73   0.31
DH_0040          68.42  90.80            0.25         0.84     0.39             0.66             0.16          3.16          0.39  0.76   0.36
DH_0041          58.03  83.18            0.41         0.88     0.56             0.78             0.30          2.14          0.35  1.12   0.51
DH_0042          51.54  82.73            0.32         0.71     0.44             0.45             0.15          2.68          0.76  0.61   0.29
DH_0043          58.01  80.40            0.32         0.65     0.42             0.49             0.23          3.10          0.86  0.94   0.35
DH_0044          45.26  75.70            0.35         0.70     0.47             0.55             0.24          2.60          0.77  0.89   0.37
DH_0045          38.85  57.35            0.43         0.62     0.51             0.51             0.34          1.93          0.94  1.23   0.47
DH_0046          39.66  70.37            0.44         0.75     0.56             0.64             0.35          2.04          0.68  1.18   0.48
DH_0047          42.55  77.18            0.51         0.85     0.64             0.76             0.40          1.58          0.43  1.22   0.57
DH_0048          13.04  45.75            0.88         0.94     0.91             0.90             0.81          0.35          0.17  1.28   0.83
DH_0049           8.27  15.97            0.89         0.92     0.91             0.87             0.83          0.32          0.24  1.26   0.82
DH_0050          45.80  71.19            0.66         1.00     0.79             1.00             0.50          0.79          0.00  0.95   0.74
DH_0051           6.25   9.53            0.94         0.96     0.95             0.94             0.90          0.21          0.12  1.39   0.89
DH_0052          36.88  56.09            0.71         0.80     0.75             0.67             0.56          0.69          0.44  1.00   0.64
DH_0053          16.98  20.71            0.92         0.84     0.88             0.77             0.87          0.25          0.42  1.38   0.81
DH_0054          14.16  25.29            0.83         0.90     0.86             0.84             0.74          0.49          0.24  1.20   0.77
DH_0055          15.51  18.55            0.94         0.87     0.90             0.80             0.90          0.18          0.35  1.36   0.84
DH_0056          38.63  62.70            0.72         0.90     0.80             0.82             0.57          0.61          0.25  0.99   0.70
DH_0057           4.87   8.09            0.95         0.96     0.95             0.94             0.92          0.18          0.13  1.39   0.90
DH_0058          34.17  55.59            0.72         0.83     0.77             0.71             0.57          0.63          0.40  1.00   0.66
DH_0059           8.96  17.52            0.89         0.94     0.92             0.90             0.84          0.32          0.15  1.31   0.85
DH_0060          19.17  54.32            0.78         0.84     0.81             0.74             0.66          0.63          0.42  1.11   0.68
DH_0061          40.01  63.33            0.71         0.88     0.79             0.78             0.56          0.65          0.31  0.99   0.68
DH_0062          37.08  68.29            0.73         1.00     0.84             1.00             0.58          0.57          0.00  0.98   0.79
DH_0063          12.92  20.73            0.85         0.88     0.86             0.81             0.78          0.41          0.29  1.29   0.79
DH_0064          13.49  19.01            0.83         0.91     0.87             0.86             0.76          0.47          0.25  1.32   0.79
DH_0065          21.21  28.55            0.76         0.81     0.78             0.70             0.64          0.64          0.52  1.13   0.66
DH_0066           6.79  39.59            0.93         0.96     0.94             0.94             0.89          0.26          0.13  1.40   0.88
DH_0067          16.92  25.18            0.79         0.84     0.81             0.76             0.69          0.59          0.37  1.19   0.71
DH_0068           7.17  10.87            0.92         0.94     0.93             0.91             0.88          0.27          0.16  1.40   0.87
DH_0069          48.08  71.50            0.74         0.94     0.83             0.88             0.59          0.57          0.18  0.99   0.74
DH_0070           4.71   9.50            0.94         0.96     0.95             0.93             0.91          0.19          0.11  1.39   0.90
DH_0071           8.17  15.56            0.91         0.93     0.92             0.88             0.86          0.29          0.20  1.30   0.84
DH_0072          14.76  46.41            0.83         0.98     0.90             0.97             0.78          0.47          0.08  2.11   0.89
DH_0073          21.50  75.24            0.75         0.97     0.85             0.95             0.64          0.76          0.09  1.63   0.80
DH_0074          15.66  57.61            0.79         0.97     0.87             0.96             0.73          0.63          0.10  1.90   0.84
DH_0075          15.81  53.28            0.83         0.96     0.89             0.95             0.77          0.53          0.10  1.76   0.85
DH_0076          14.55  45.99            0.83         0.97     0.89             0.96             0.78          0.49          0.11  2.05   0.87
DH_0077          31.09  71.99            0.67         0.95     0.79             0.94             0.61          1.09          0.15  2.07   0.78
DH_0078          23.41  61.64            0.72         0.96     0.82             0.93             0.59          0.77          0.14  1.58   0.79
DH_0079           7.79  51.47            0.90         0.98     0.93             0.97             0.86          0.36          0.09  2.02   0.90
DH_0080           5.91  50.35            0.92         0.97     0.95             0.96             0.90          0.28          0.09  2.07   0.92
DH_0081           5.82  44.48            0.91         0.99     0.94             0.98             0.85          0.33          0.05  1.58   0.90
DH_0082          15.07  72.55            0.84         0.96     0.90             0.95             0.77          0.55          0.11  1.68   0.84
DH_0083          11.00  45.45            0.85         0.97     0.91             0.96             0.78          0.42          0.10  1.76   0.87
DH_0084           9.01  17.93            0.90         0.90     0.90             0.84             0.83          0.27          0.26  1.26   0.83
DH_0085          10.31  17.86            0.87         0.89     0.88             0.83             0.79          0.39          0.29  1.23   0.78
DH_0086           6.00  11.72            0.93         0.95     0.94             0.91             0.89          0.24          0.16  1.33   0.87
DH_0087           8.14  15.34            0.91         0.92     0.91             0.87             0.85          0.28          0.23  1.30   0.84
DH_0088           3.32   5.79            0.97         0.98     0.97             0.96             0.95          0.12          0.08  1.40   0.93
DH_0089           4.65   8.97            0.94         0.96     0.95             0.94             0.90          0.23          0.10  1.34   0.89
DH_0090           7.55  14.16            0.90         0.93     0.91             0.89             0.84          0.33          0.19  1.29   0.83
DH_0091           5.29  11.23            0.92         0.95     0.94             0.92             0.87          0.26          0.14  1.24   0.86
DH_0092           5.68  11.37            0.92         0.95     0.94             0.92             0.88          0.26          0.15  1.28   0.86
DH_0093           6.27   9.24            0.92         0.95     0.93             0.92             0.88          0.28          0.16  1.42   0.87
DH_0094           4.59   9.45            0.95         0.96     0.96             0.94             0.91          0.17          0.11  1.32   0.90
DH_0095           4.09  12.57            0.95         0.97     0.96             0.95             0.91          0.18          0.09  1.23   0.90
DH_0096           7.02  14.66            0.91         0.94     0.92             0.90             0.86          0.29          0.18  1.26   0.85
DH_0097           2.93   5.08            0.96         0.98     0.97             0.97             0.93          0.15          0.05  1.34   0.93
DH_0098           8.93  11.67            0.92         0.93     0.92             0.89             0.88          0.25          0.24  1.40   0.85
DH_0099           6.67  11.79            0.91         0.94     0.92             0.91             0.85          0.31          0.18  1.31   0.84
DH_0100           7.35  10.71            0.90         0.94     0.92             0.91             0.85          0.33          0.17  1.38   0.85
DH_0101           9.89  11.89            0.91         0.91     0.91             0.87             0.87          0.28          0.28  1.43   0.83
DH_0102           8.16  11.04            0.87         0.93     0.90             0.89             0.80          0.40          0.20  1.30   0.81
DH_0103           3.91   8.01            0.95         0.97     0.96             0.95             0.92          0.18          0.09  1.34   0.91
DH_0104           9.47  20.74            0.91         0.91     0.91             0.85             0.85          0.23          0.24  1.23   0.84
DH_0105           5.62  10.22            0.92         0.95     0.94             0.92             0.88          0.26          0.14  1.32   0.87
DH_0106           6.79  11.23            0.91         0.95     0.93             0.92             0.86          0.28          0.15  1.30   0.86
DH_0107          39.73  72.43            0.51         0.71     0.59             0.56             0.34          1.89          0.76  0.99   0.44
DH_0108          18.24  62.80            0.72         0.91     0.81             0.82             0.52          0.98          0.24  0.96   0.63
DH_0109          36.68  51.98            0.41         0.76     0.54             0.64             0.30          2.13          0.62  1.05   0.46
DH_0110          29.48  54.49            0.52         0.83     0.64             0.77             0.44          1.83          0.47  1.61   0.60
DH_0111          24.99  68.77            0.66         0.90     0.76             0.86             0.56          1.26          0.27  1.55   0.68
DH_0112          30.49  61.44            0.55         0.80     0.65             0.72             0.44          1.68          0.55  1.48   0.58
DH_0113          53.66  69.18            0.22         0.80     0.35             0.74             0.19          3.87          0.53  1.77   0.49
DH_0114          19.01  45.07            0.68         0.88     0.77             0.78             0.50          1.07          0.31  0.89   0.58
DH_0115          51.01  66.84            0.31         0.89     0.46             0.59             0.11          2.07          0.28  0.45   0.33
DH_0116          31.87  48.47            0.48         0.92     0.63             0.81             0.30          1.59          0.21  0.84   0.53
DH_0117          29.53  44.19            0.67         0.73     0.70             0.62             0.54          0.98          0.69  1.17   0.59
DH_0118          22.94  67.54            0.71         0.89     0.79             0.75             0.47          1.18          0.30  1.00   0.59
DH_0119          42.69  60.85            0.44         0.89     0.59             0.83             0.36          2.12          0.32  1.59   0.60
DH_0120          53.55  81.26            0.30         0.94     0.46             0.87             0.16          2.50          0.14  0.89   0.48
DH_0121           9.33  56.45            0.88         0.97     0.92             0.95             0.82          0.42          0.10  1.41   0.85
DH_0122          11.46  42.60            0.87         0.92     0.89             0.88             0.80          0.42          0.25  1.38   0.80
DH_0123          23.68  50.59            0.71         0.84     0.77             0.79             0.64          0.99          0.48  1.66   0.70
DH_0124          37.59  57.76            0.57         0.81     0.67             0.76             0.49          1.60          0.52  1.70   0.63
DH_0125          10.77  15.54            0.86         0.92     0.89             0.88             0.79          0.42          0.20  1.35   0.81
DH_0126          10.27  40.52            0.88         0.92     0.90             0.87             0.83          0.39          0.27  1.39   0.81
DH_0127          25.66  48.63            0.70         0.95     0.80             0.91             0.58          0.91          0.13  1.24   0.72
DH_0128           9.26  66.48            0.90         0.94     0.92             0.88             0.80          0.36          0.18  1.02   0.79
DH_0129           3.54  15.41            0.95         0.98     0.96             0.95             0.89          0.19          0.07  1.02   0.89
DH_0130           3.40  12.58            0.95         0.97     0.96             0.94             0.90          0.20          0.08  1.10   0.89
DH_0131           9.95  12.59            0.91         0.91     0.91             0.86             0.87          0.28          0.28  1.42   0.84
DH_0132          23.18  63.22            0.67         0.87     0.76             0.82             0.58          1.20          0.36  1.54   0.68
DH_0133          12.73  15.24            0.94         0.90     0.92             0.84             0.90          0.20          0.30  1.34   0.84
DH_0134           9.58  12.10            0.87         0.94     0.91             0.91             0.82          0.37          0.18  1.39   0.84
DH_0135           7.04  14.63            0.93         0.91     0.92             0.85             0.87          0.23          0.28  1.14   0.82
DH_0136          14.23  19.12            0.78         0.88     0.83             0.81             0.69          0.60          0.32  1.20   0.73
DH_0137          16.29  24.43            0.84         0.84     0.84             0.73             0.74          0.48          0.44  1.16   0.72
DH_0138           6.02  12.59            0.90         0.95     0.93             0.91             0.83          0.32          0.14  1.16   0.83
DH_0139          13.73  16.77            0.85         0.88     0.87             0.83             0.78          0.44          0.34  1.34   0.77
DH_0140          11.22  17.62            0.88         0.90     0.89             0.84             0.81          0.37          0.30  1.26   0.79
DH_0141           9.26  16.47            0.94         0.91     0.92             0.85             0.90          0.22          0.26  1.33   0.85
DH_0142          12.82  15.70            0.87         0.88     0.87             0.81             0.80          0.41          0.37  1.31   0.77
DH_0143           2.94  17.41            0.97         0.96     0.96             0.92             0.93          0.10          0.12  1.01   0.90
DH_0144          17.08  20.10            0.87         0.84     0.85             0.77             0.81          0.39          0.45  1.36   0.77
DH_0145           4.74  10.04            0.93         0.96     0.94             0.92             0.87          0.26          0.12  1.21   0.87
DH_0146          20.49  22.20            0.84         0.86     0.85             0.79             0.77          0.45          0.41  1.37   0.76
DH_0147           3.49   8.55            0.95         0.97     0.96             0.95             0.91          0.19          0.08  1.26   0.90
DH_0148          13.45  18.19            0.87         0.87     0.87             0.79             0.80          0.41          0.39  1.30   0.77
DH_0149          58.23  82.41            0.73         0.83     0.78             0.70             0.53          0.77          0.34  0.99   0.65
DH_0150          55.23  80.31            0.64         0.94     0.77             0.90             0.50          0.87          0.16  1.16   0.71
DH_0151          41.75  80.12            0.56         0.82     0.67             0.72             0.44          1.57          0.42  1.14   0.55
DH_0152          21.02  50.53            0.76         0.87     0.82             0.80             0.66          0.62          0.31  1.24   0.73
DH_0153          50.67  78.15            0.30         0.76     0.43             0.58             0.19          2.51          0.55  0.81   0.38
DH_0154          66.39  84.22            0.24         0.85     0.37             0.73             0.17          3.48          0.36  0.89   0.38
DH_0155           4.30  41.75            0.95         0.96     0.95             0.92             0.90          0.17          0.14  1.14   0.88
DH_0156          70.22  89.64            0.29         1.00     0.45             1.00             0.20          2.83          0.00  0.73   0.45
DH_0157           0.00   0.00            1.00         1.00     1.00             1.00             1.00          0.00          0.00  1.00   1.00
DH_0158          45.20  84.34            0.58         1.00     0.74             1.00             0.43          1.30          0.00  0.93   0.65
DH_0159          45.22  84.14            0.66         0.89     0.75             0.83             0.54          1.36          0.30  1.49   0.66
DH_0160          28.74  47.08            0.69         0.78     0.73             0.61             0.50          0.79          0.59  0.89   0.56
DH_0161          18.93  76.26            0.80         0.84     0.82             0.69             0.59          0.66          0.41  0.87   0.62
DH_0162          66.81  72.33            0.19         0.79     0.31             0.53             0.09          3.02          0.44  0.53   0.29
DH_0163          39.47  77.92            0.75         1.00     0.86             1.00             0.59          0.62          0.00  0.99   0.78
DH_0164          59.97  83.79            0.52         0.92     0.66             0.86             0.38          1.55          0.20  1.09   0.59
DH_0165          53.96  78.24            0.44         1.00     0.61             1.00             0.29          1.66          0.00  0.80   0.57
DH_0166          61.69  82.11            0.40         0.72     0.51             0.54             0.27          2.07          0.59  0.89   0.42
DH_0167          53.47  91.21            0.23         1.00     0.37             1.00             0.08          2.84          0.00  0.32   0.32
DH_0168          33.90  69.04            0.67         0.89     0.76             0.83             0.56          1.05          0.26  1.28   0.68
DH_0169           0.00   0.00            1.00         1.00     1.00             1.00             1.00          0.00          0.00  1.00   1.00
DH_0170          78.66  89.84            0.12         0.75     0.21             0.47             0.08          4.34          0.57  0.57   0.24
DH_0171          65.57  90.83            0.21         1.00     0.34             1.00             0.11          3.15          0.00  0.44   0.35
DH_0172          54.85  87.40            0.29         1.00     0.45             1.00             0.15          2.49          0.00  0.51   0.41
DH_0173          47.23  72.76            0.45         0.78     0.57             0.53             0.26          1.36          0.52  0.68   0.44
DH_0174           6.66  69.75            0.92         0.95     0.94             0.86             0.77          0.30          0.14  0.70   0.76
DH_0175           0.00   0.00            1.00         1.00     1.00             1.00             1.00          0.00          0.00  0.98   1.00
DH_0176           0.00   0.00            1.00         1.00     1.00             1.00             1.00          0.00          0.00  0.72   1.00
DH_0177          16.34  20.27            0.75         0.87     0.80             0.78             0.62          0.68          0.35  1.08   0.68
DH_0178          21.70  30.64            0.71         0.80     0.75             0.67             0.56          0.76          0.47  1.00   0.62
DH_0179          42.65  42.66            1.00         0.57     0.72             0.26             1.00          0.00          0.87  0.51   0.61
DH_0180           2.59  51.29            0.96         1.00     0.98             1.00             0.89          0.14          0.00  0.76   0.92
DH_0181           3.21  12.84            0.96         0.97     0.96             0.95             0.93          0.16          0.12  1.57   0.92
DH_0182           6.29  43.81            0.92         0.97     0.95             0.94             0.86          0.23          0.09  1.18   0.88
DH_0183           3.33  37.14            0.95         0.99     0.97             0.97             0.92          0.18          0.04  1.32   0.93
DH_0184           3.92  47.82            0.95         0.99     0.97             0.96             0.87          0.15          0.04  0.93   0.91
DH_0185           9.96  51.32            0.87         0.96     0.91             0.94             0.82          0.43          0.14  1.65   0.85
DH_0186           4.04  35.62            0.95         0.98     0.96             0.96             0.91          0.13          0.09  1.34   0.92
DH_0187           8.25  59.14            0.90         0.98     0.94             0.96             0.80          0.34          0.06  1.09   0.85
DH_0188           7.70  32.46            0.90         0.94     0.92             0.88             0.80          0.33          0.19  1.12   0.81
DH_0189           4.66  33.48            0.94         0.99     0.96             0.98             0.91          0.20          0.06  1.56   0.93
DH_0190           6.07  36.06            0.94         0.99     0.96             0.98             0.89          0.17          0.04  1.46   0.93
DH_0191           4.43  56.58            0.94         1.00     0.97             0.99             0.90          0.15          0.01  1.28   0.94
DH_0192           6.36  46.75            0.91         0.98     0.95             0.98             0.88          0.27          0.06  1.79   0.92
*** OVERALL ***  23.16  55.75            0.78         0.91     0.84             0.91             0.78          0.77          0.25  8.66   0.94
